<?xml version="1.0" encoding="UTF-8"?>
<testsuite name="com.gbabler.admin.catalogue.infrastructure.MainTest" tests="1" skipped="0" failures="0" errors="0" timestamp="2024-02-07T00:30:26" hostname="D56TC2271K" time="0.009">
  <properties/>
  <testcase name="testMain()" classname="com.gbabler.admin.catalogue.infrastructure.MainTest" time="0.009"/>
  <system-out><![CDATA[Hello world!
com.gbabler.admin.catalogue.domain.Category@673be18f
]]></system-out>
  <system-err><![CDATA[]]></system-err>
</testsuite>
