<?xml version="1.0" encoding="UTF-8"?>
<testsuite name="com.gbabler.admin.catalogue.domain.category.CategoryTest" tests="9" skipped="0" failures="0" errors="0" timestamp="2024-02-08T00:37:01" hostname="D56TC2271K" time="0.021">
  <properties/>
  <testcase name="givenAValidInactiveCategory_whenCallActivate_thenReturnCategoryActivated()" classname="com.gbabler.admin.catalogue.domain.category.CategoryTest" time="0.011"/>
  <testcase name="givenAnInvalidEmptyName_whenCallNewCategoryAndValidate_thenShouldReceiveError()" classname="com.gbabler.admin.catalogue.domain.category.CategoryTest" time="0.002"/>
  <testcase name="givenAnInvalidNameLengthMoreThan255_whenCallNewCategoryAndValidate_thenShouldReceiveError()" classname="com.gbabler.admin.catalogue.domain.category.CategoryTest" time="0.001"/>
  <testcase name="givenAValidFalseIsActive_whenCallNewCategoryAndValidate_thenShouldReceiveOK()" classname="com.gbabler.admin.catalogue.domain.category.CategoryTest" time="0.001"/>
  <testcase name="givenAValidEmptyDescription_whenCallNewCategoryAndValidate_thenShouldReceiveOK()" classname="com.gbabler.admin.catalogue.domain.category.CategoryTest" time="0.001"/>
  <testcase name="givenAValidActiveCategory_whenCallDeactivate_thenReturnCategoryInactivated()" classname="com.gbabler.admin.catalogue.domain.category.CategoryTest" time="0.001"/>
  <testcase name="givenAnInvalidNameLengthLessThan3_whenCallNewCategoryAndValidate_thenShouldReceiveError()" classname="com.gbabler.admin.catalogue.domain.category.CategoryTest" time="0.0"/>
  <testcase name="givenAValidParams_whenCallNewCategory_thenInstantiateACategory()" classname="com.gbabler.admin.catalogue.domain.category.CategoryTest" time="0.0"/>
  <testcase name="givenAnInvalidNullName_whenCallNewCategoryAndValidate_thenShouldReceiveError()" classname="com.gbabler.admin.catalogue.domain.category.CategoryTest" time="0.0"/>
  <system-out><![CDATA[]]></system-out>
  <system-err><![CDATA[]]></system-err>
</testsuite>
