<?xml version="1.0" encoding="UTF-8"?>
<testsuite name="com.gbabler.admin.catalogue.domain.category.CategoryTest" tests="1" skipped="0" failures="0" errors="0" timestamp="2024-02-07T00:47:35" hostname="D56TC2271K" time="0.012">
  <properties/>
  <testcase name="givenAValidParams_whenCallNewCategory_thenInstantiateACategory()" classname="com.gbabler.admin.catalogue.domain.category.CategoryTest" time="0.012"/>
  <system-out><![CDATA[]]></system-out>
  <system-err><![CDATA[]]></system-err>
</testsuite>
