<?xml version="1.0" encoding="UTF-8"?>
<testsuite name="com.gbabler.admin.catalogue.domain.category.CategoryTest" tests="1" skipped="0" failures="0" errors="0" timestamp="2024-02-08T00:50:06" hostname="D56TC2271K" time="0.011">
  <properties/>
  <testcase name="givenAValidCategory_whenCallUpdateWithInvalidParams_thenReturnCategoryUpdated()" classname="com.gbabler.admin.catalogue.domain.category.CategoryTest" time="0.011"/>
  <system-out><![CDATA[]]></system-out>
  <system-err><![CDATA[]]></system-err>
</testsuite>
