<?xml version="1.0" encoding="UTF-8"?>
<testsuite name="com.gbabler.admin.catalogue.domain.category.CategoryTest" tests="2" skipped="0" failures="0" errors="0" timestamp="2024-02-08T00:03:52" hostname="D56TC2271K" time="0.015">
  <properties/>
  <testcase name="givenAValidParams_whenCallNewCategory_thenInstantiateACategory()" classname="com.gbabler.admin.catalogue.domain.category.CategoryTest" time="0.012"/>
  <testcase name="givenAnInvalidNullName_whenCallNewCategoryAndValidate_thenShouldReceiveError()" classname="com.gbabler.admin.catalogue.domain.category.CategoryTest" time="0.003"/>
  <system-out><![CDATA[]]></system-out>
  <system-err><![CDATA[]]></system-err>
</testsuite>
