<?xml version="1.0" encoding="UTF-8"?>
<testsuite name="com.gbabler.admin.catalogue.domain.CategoryTest" tests="1" skipped="0" failures="0" errors="0" timestamp="2024-02-07T00:25:27" hostname="D56TC2271K" time="0.013">
  <properties/>
  <testcase name="testNewCategory()" classname="com.gbabler.admin.catalogue.domain.CategoryTest" time="0.013"/>
  <system-out><![CDATA[]]></system-out>
  <system-err><![CDATA[]]></system-err>
</testsuite>
